# JRE version: Java(TM) SE Runtime Environment (8.0_251-b08) (build 1.8.0_251-b08)
# Java VM: Java HotSpot(TM) 64-Bit Server VM (25.251-b08 mixed mode windows-amd64 compressed oops)
Heap:
 PSYoungGen      total 66048K, used 5115K [0x00000000eb600000, 0x00000000ef900000, 0x0000000100000000)
  eden space 63488K, 4% used [0x00000000eb600000,0x00000000eb8810c0,0x00000000ef400000)
  from space 2560K, 99% used [0x00000000ef400000,0x00000000ef67df28,0x00000000ef680000)
  to   space 2560K, 0% used [0x00000000ef680000,0x00000000ef680000,0x00000000ef900000)
 ParOldGen       total 41472K, used 25480K [0x00000000c2200000, 0x00000000c4a80000, 0x00000000eb600000)
  object space 41472K, 61% used [0x00000000c2200000,0x00000000c3ae23a0,0x00000000c4a80000)
 Metaspace       used 24678K, capacity 25204K, committed 25344K, reserved 1071104K
  class space    used 2852K, capacity 3015K, committed 3072K, reserved 1048576K
GC Heap History (10 events):
Event: 7.840 GC heap before
{Heap before GC invocations=4 (full 0):
 PSYoungGen      total 34304K, used 34272K [0x00000000eb600000, 0x00000000ef900000, 0x0000000100000000)
  eden space 31744K, 100% used [0x00000000eb600000,0x00000000ed500000,0x00000000ed500000)
  from space 2560K, 98% used [0x00000000ed500000,0x00000000ed778020,0x00000000ed780000)
  to   space 2560K, 0% used [0x00000000ef680000,0x00000000ef680000,0x00000000ef900000)
 ParOldGen       total 42496K, used 6290K [0x00000000c2200000, 0x00000000c4b80000, 0x00000000eb600000)
  object space 42496K, 14% used [0x00000000c2200000,0x00000000c2824b30,0x00000000c4b80000)
 Metaspace       used 15661K, capacity 15884K, committed 16128K, reserved 1062912K
  class space    used 1891K, capacity 1976K, committed 2048K, reserved 1048576K
Event: 7.941 GC heap after
Heap after GC invocations=4 (full 0):
 PSYoungGen      total 66048K, used 2544K [0x00000000eb600000, 0x00000000ef900000, 0x0000000100000000)
  eden space 63488K, 0% used [0x00000000eb600000,0x00000000eb600000,0x00000000ef400000)
  from space 2560K, 99% used [0x00000000ef680000,0x00000000ef8fc010,0x00000000ef900000)
  to   space 2560K, 0% used [0x00000000ef400000,0x00000000ef400000,0x00000000ef680000)
 ParOldGen       total 42496K, used 10487K [0x00000000c2200000, 0x00000000c4b80000, 0x00000000eb600000)
  object space 42496K, 24% used [0x00000000c2200000,0x00000000c2c3de58,0x00000000c4b80000)
 Metaspace       used 15661K, capacity 15884K, committed 16128K, reserved 1062912K
  class space    used 1891K, capacity 1976K, committed 2048K, reserved 1048576K
}
Event: 13.513 GC heap before
{Heap before GC invocations=5 (full 0):
 PSYoungGen      total 66048K, used 59504K [0x00000000eb600000, 0x00000000ef900000, 0x0000000100000000)
  eden space 63488K, 89% used [0x00000000eb600000,0x00000000eeda02d8,0x00000000ef400000)
  from space 2560K, 99% used [0x00000000ef680000,0x00000000ef8fc010,0x00000000ef900000)
  to   space 2560K, 0% used [0x00000000ef400000,0x00000000ef400000,0x00000000ef680000)
 ParOldGen       total 42496K, used 10487K [0x00000000c2200000, 0x00000000c4b80000, 0x00000000eb600000)
  object space 42496K, 24% used [0x00000000c2200000,0x00000000c2c3de58,0x00000000c4b80000)
 Metaspace       used 20721K, capacity 21100K, committed 21296K, reserved 1069056K
  class space    used 2498K, capacity 2612K, committed 2688K, reserved 1048576K
Event: 13.541 GC heap after
Heap after GC invocations=5 (full 0):
 PSYoungGen      total 66048K, used 2560K [0x00000000eb600000, 0x00000000ef900000, 0x0000000100000000)
  eden space 63488K, 0% used [0x00000000eb600000,0x00000000eb600000,0x00000000ef400000)
  from space 2560K, 100% used [0x00000000ef400000,0x00000000ef680000,0x00000000ef680000)
  to   space 2560K, 0% used [0x00000000ef680000,0x00000000ef680000,0x00000000ef900000)
 ParOldGen       total 42496K, used 14726K [0x00000000c2200000, 0x00000000c4b80000, 0x00000000eb600000)
  object space 42496K, 34% used [0x00000000c2200000,0x00000000c30619f0,0x00000000c4b80000)
 Metaspace       used 20721K, capacity 21100K, committed 21296K, reserved 1069056K
  class space    used 2498K, capacity 2612K, committed 2688K, reserved 1048576K
}
Event: 13.541 GC heap before
{Heap before GC invocations=6 (full 1):
 PSYoungGen      total 66048K, used 2560K [0x00000000eb600000, 0x00000000ef900000, 0x0000000100000000)
  eden space 63488K, 0% used [0x00000000eb600000,0x00000000eb600000,0x00000000ef400000)
  from space 2560K, 100% used [0x00000000ef400000,0x00000000ef680000,0x00000000ef680000)
  to   space 2560K, 0% used [0x00000000ef680000,0x00000000ef680000,0x00000000ef900000)
 ParOldGen       total 42496K, used 14726K [0x00000000c2200000, 0x00000000c4b80000, 0x00000000eb600000)
  object space 42496K, 34% used [0x00000000c2200000,0x00000000c30619f0,0x00000000c4b80000)
 Metaspace       used 20721K, capacity 21100K, committed 21296K, reserved 1069056K
  class space    used 2498K, capacity 2612K, committed 2688K, reserved 1048576K
Event: 13.746 GC heap after
Heap after GC invocations=6 (full 1):
 PSYoungGen      total 66048K, used 0K [0x00000000eb600000, 0x00000000ef900000, 0x0000000100000000)
  eden space 63488K, 0% used [0x00000000eb600000,0x00000000eb600000,0x00000000ef400000)
  from space 2560K, 0% used [0x00000000ef400000,0x00000000ef400000,0x00000000ef680000)
  to   space 2560K, 0% used [0x00000000ef680000,0x00000000ef680000,0x00000000ef900000)
 ParOldGen       total 41472K, used 11328K [0x00000000c2200000, 0x00000000c4a80000, 0x00000000eb600000)
  object space 41472K, 27% used [0x00000000c2200000,0x00000000c2d10350,0x00000000c4a80000)
 Metaspace       used 20721K, capacity 21100K, committed 21296K, reserved 1069056K
  class space    used 2498K, capacity 2612K, committed 2688K, reserved 1048576K
}
Event: 15.216 GC heap before
{Heap before GC invocations=7 (full 1):
 PSYoungGen      total 66048K, used 63488K [0x00000000eb600000, 0x00000000ef900000, 0x0000000100000000)
  eden space 63488K, 100% used [0x00000000eb600000,0x00000000ef400000,0x00000000ef400000)
  from space 2560K, 0% used [0x00000000ef400000,0x00000000ef400000,0x00000000ef680000)
  to   space 2560K, 0% used [0x00000000ef680000,0x00000000ef680000,0x00000000ef900000)
 ParOldGen       total 41472K, used 11328K [0x00000000c2200000, 0x00000000c4a80000, 0x00000000eb600000)
  object space 41472K, 27% used [0x00000000c2200000,0x00000000c2d10350,0x00000000c4a80000)
 Metaspace       used 21524K, capacity 21900K, committed 22064K, reserved 1069056K
  class space    used 2541K, capacity 2644K, committed 2688K, reserved 1048576K
Event: 15.242 GC heap after
Heap after GC invocations=7 (full 1):
 PSYoungGen      total 66048K, used 2531K [0x00000000eb600000, 0x00000000ef900000, 0x0000000100000000)
  eden space 63488K, 0% used [0x00000000eb600000,0x00000000eb600000,0x00000000ef400000)
  from space 2560K, 98% used [0x00000000ef680000,0x00000000ef8f8df8,0x00000000ef900000)
  to   space 2560K, 0% used [0x00000000ef400000,0x00000000ef400000,0x00000000ef680000)
 ParOldGen       total 41472K, used 18654K [0x00000000c2200000, 0x00000000c4a80000, 0x00000000eb600000)
  object space 41472K, 44% used [0x00000000c2200000,0x00000000c34378b8,0x00000000c4a80000)
 Metaspace       used 21524K, capacity 21900K, committed 22064K, reserved 1069056K
  class space    used 2541K, capacity 2644K, committed 2688K, reserved 1048576K
}
Event: 22.006 GC heap before
{Heap before GC invocations=8 (full 1):
 PSYoungGen      total 66048K, used 66019K [0x00000000eb600000, 0x00000000ef900000, 0x0000000100000000)
  eden space 63488K, 100% used [0x00000000eb600000,0x00000000ef400000,0x00000000ef400000)
  from space 2560K, 98% used [0x00000000ef680000,0x00000000ef8f8df8,0x00000000ef900000)
  to   space 2560K, 0% used [0x00000000ef400000,0x00000000ef400000,0x00000000ef680000)
 ParOldGen       total 41472K, used 18654K [0x00000000c2200000, 0x00000000c4a80000, 0x00000000eb600000)
  object space 41472K, 44% used [0x00000000c2200000,0x00000000c34378b8,0x00000000c4a80000)
 Metaspace       used 24526K, capacity 25136K, committed 25344K, reserved 1071104K
  class space    used 2835K, capacity 3015K, committed 3072K, reserved 1048576K
Event: 22.040 GC heap after
Heap after GC invocations=8 (full 1):
 PSYoungGen      total 66048K, used 2551K [0x00000000eb600000, 0x00000000ef900000, 0x0000000100000000)
  eden space 63488K, 0% used [0x00000000eb600000,0x00000000eb600000,0x00000000ef400000)
  from space 2560K, 99% used [0x00000000ef400000,0x00000000ef67df28,0x00000000ef680000)
  to   space 2560K, 0% used [0x00000000ef680000,0x00000000ef680000,0x00000000ef900000)
 ParOldGen       total 41472K, used 25480K [0x00000000c2200000, 0x00000000c4a80000, 0x00000000eb600000)
  object space 41472K, 61% used [0x00000000c2200000,0x00000000c3ae23a0,0x00000000c4a80000)
 Metaspace       used 24526K, capacity 25136K, committed 25344K, reserved 1071104K
  class space    used 2835K, capacity 3015K, committed 3072K, reserved 1048576K
}

